

################################################################################
########################################
# Run Time: 2024/11/06 03:59:33
# Command: echo hello
########################################


################################################################################
########################################
# Run Time: 2024/11/06 04:00:59
# Command: ls
########################################


########################################################################################################################
########################################################################################################################
########################################################################################################################
########################################
# Run Time: 2024/11/06 04:07:52
# Command: echo hello
########################################


########################################################################################################################
########################################################################################################################
########################################################################################################################
########################################
# Run Time: 2024/11/06 04:07:58
# Command: ls
########################################


########################################################################################################################
########################################################################################################################
########################################################################################################################
########################################
# Run Time: 2024/11/06 04:31:59
# Command: ls -a
# Comment: from ~./Decoding
########################################


########################################################################################################################
########################################################################################################################
########################################################################################################################
########################################
# Run Time: 2024/11/06 04:32:22
# Command: ls -a
########################################
