

################################################################################
########################################
# Run Time: 2024/11/06 03:59:33
# Command: echo hello
########################################
hello


################################################################################
########################################
# Run Time: 2024/11/06 04:00:59
# Command: ls
########################################
1031nohup.out
1105_1_nohup.out
1105_2_nohup.out
1105_3_nohup.out
Demo_of_GLIP.ipynb
GLIP
LICENSE
README.md
RITUAL_conda_list.out
RITUAL_pip_list.out
assets
chair.pkl
eval_bench
experiments
inference
memo.md
nohup.sh
output
requirements.txt
ritual_utils
unknown_nohup.out
utils


########################################################################################################################
########################################################################################################################
########################################################################################################################
########################################
# Run Time: 2024/11/06 04:07:52
# Command: echo hello
########################################
hello


########################################################################################################################
########################################################################################################################
########################################################################################################################
########################################
# Run Time: 2024/11/06 04:07:58
# Command: ls
########################################
1031nohup.out
1105_1_nohup.out
1105_2_nohup.out
1105_3_nohup.out
Demo_of_GLIP.ipynb
GLIP
LICENSE
README.md
RITUAL_conda_list.out
RITUAL_pip_list.out
assets
chair.pkl
eval_bench
experiments
inference
memo.md
nohup.sh
output
requirements.txt
ritual_utils
unknown_nohup.out
utils


########################################################################################################################
########################################################################################################################
########################################################################################################################
########################################
# Run Time: 2024/11/06 04:31:59
# Command: ls -a
# Comment: from ~./Decoding
########################################
.
..
.git
.gitignore
1031nohup.out
1105_1_nohup.out
1105_2_nohup.out
1105_3_nohup.out
Demo_of_GLIP.ipynb
GLIP
LICENSE
README.md
RITUAL_conda_list.out
RITUAL_pip_list.out
assets
chair.pkl
eval_bench
experiments
inference
memo.md
nohup.sh
output
requirements.txt
ritual_utils
unknown_nohup.out
utils


########################################################################################################################
########################################################################################################################
########################################################################################################################
########################################
# Run Time: 2024/11/06 04:32:22
# Command: ls -a
########################################
.
..
.git
.gitignore
1031nohup.out
1105_1_nohup.out
1105_2_nohup.out
1105_3_nohup.out
Demo_of_GLIP.ipynb
GLIP
LICENSE
README.md
RITUAL_conda_list.out
RITUAL_pip_list.out
assets
chair.pkl
eval_bench
experiments
inference
memo.md
nohup.sh
output
requirements.txt
ritual_utils
unknown_nohup.out
utils
