# packages in environment at /home/bscho333/anaconda3/envs/RITUAL:
#
# Name                    Version                   Build  Channel
_libgcc_mutex             0.1                        main  
_openmp_mutex             5.1                       1_gnu  
accelerate                0.21.0                   pypi_0    pypi
aiofiles                  24.1.0                   pypi_0    pypi
aiohappyeyeballs          2.4.3                    pypi_0    pypi
aiohttp                   3.10.10                  pypi_0    pypi
aiosignal                 1.3.1                    pypi_0    pypi
altair                    5.4.1                    pypi_0    pypi
annotated-types           0.7.0                    pypi_0    pypi
antlr4-python3-runtime    4.9.3                    pypi_0    pypi
anyio                     4.6.2.post1              pypi_0    pypi
asttokens                 2.4.1                    pypi_0    pypi
async-timeout             4.0.3                    pypi_0    pypi
attrs                     24.2.0                   pypi_0    pypi
bitsandbytes              0.41.0                   pypi_0    pypi
bleach                    6.2.0                    pypi_0    pypi
blinker                   1.8.2                    pypi_0    pypi
blis                      1.0.1                    pypi_0    pypi
braceexpand               0.1.7                    pypi_0    pypi
bzip2                     1.0.8                h5eee18b_6  
ca-certificates           2024.9.24            h06a4308_0  
cachetools                5.5.0                    pypi_0    pypi
catalogue                 2.0.10                   pypi_0    pypi
certifi                   2024.8.30                pypi_0    pypi
cffi                      1.17.1                   pypi_0    pypi
cfgv                      3.4.0                    pypi_0    pypi
charset-normalizer        3.4.0                    pypi_0    pypi
click                     8.1.7                    pypi_0    pypi
cloudpathlib              0.20.0                   pypi_0    pypi
cmake                     3.30.5                   pypi_0    pypi
confection                0.1.5                    pypi_0    pypi
contexttimer              0.3.3                    pypi_0    pypi
contourpy                 1.3.0                    pypi_0    pypi
cycler                    0.12.1                   pypi_0    pypi
cymem                     2.0.8                    pypi_0    pypi
decorator                 4.4.2                    pypi_0    pypi
decord                    0.6.0                    pypi_0    pypi
diffusers                 0.31.0                   pypi_0    pypi
distlib                   0.3.9                    pypi_0    pypi
einops                    0.8.0                    pypi_0    pypi
einops-exts               0.0.4                    pypi_0    pypi
exceptiongroup            1.2.2                    pypi_0    pypi
executing                 2.1.0                    pypi_0    pypi
fairscale                 0.4.13                   pypi_0    pypi
fastapi                   0.115.4                  pypi_0    pypi
ffmpy                     0.4.0                    pypi_0    pypi
filelock                  3.16.1                   pypi_0    pypi
fonttools                 4.54.1                   pypi_0    pypi
frozenlist                1.5.0                    pypi_0    pypi
fsspec                    2024.10.0                pypi_0    pypi
ftfy                      6.3.1                    pypi_0    pypi
gitdb                     4.0.11                   pypi_0    pypi
gitpython                 3.1.43                   pypi_0    pypi
gradio                    3.35.2                   pypi_0    pypi
gradio-client             0.2.9                    pypi_0    pypi
h11                       0.14.0                   pypi_0    pypi
httpcore                  0.17.3                   pypi_0    pypi
httpx                     0.24.0                   pypi_0    pypi
huggingface-hub           0.26.2                   pypi_0    pypi
identify                  2.6.1                    pypi_0    pypi
idna                      3.10                     pypi_0    pypi
imageio                   2.36.0                   pypi_0    pypi
imageio-ffmpeg            0.5.1                    pypi_0    pypi
importlib-metadata        8.5.0                    pypi_0    pypi
iopath                    0.1.10                   pypi_0    pypi
ipython                   8.29.0                   pypi_0    pypi
jedi                      0.19.1                   pypi_0    pypi
jinja2                    3.1.4                    pypi_0    pypi
joblib                    1.4.2                    pypi_0    pypi
jsonschema                4.23.0                   pypi_0    pypi
jsonschema-specifications 2024.10.1                pypi_0    pypi
kaggle                    1.6.17                   pypi_0    pypi
kiwisolver                1.4.7                    pypi_0    pypi
langcodes                 3.4.1                    pypi_0    pypi
language-data             1.2.0                    pypi_0    pypi
lazy-loader               0.4                      pypi_0    pypi
ld_impl_linux-64          2.40                 h12ee557_0  
libffi                    3.4.4                h6a678d5_1  
libgcc-ng                 11.2.0               h1234567_1  
libgomp                   11.2.0               h1234567_1  
libstdcxx-ng              11.2.0               h1234567_1  
libuuid                   1.41.5               h5eee18b_0  
linkify-it-py             2.0.3                    pypi_0    pypi
lit                       18.1.8                   pypi_0    pypi
marisa-trie               1.2.1                    pypi_0    pypi
markdown-it-py            2.2.0                    pypi_0    pypi
markupsafe                3.0.2                    pypi_0    pypi
matplotlib                3.9.2                    pypi_0    pypi
matplotlib-inline         0.1.7                    pypi_0    pypi
mdit-py-plugins           0.3.3                    pypi_0    pypi
mdurl                     0.1.2                    pypi_0    pypi
moviepy                   1.0.3                    pypi_0    pypi
mpmath                    1.3.0                    pypi_0    pypi
multidict                 6.1.0                    pypi_0    pypi
murmurhash                1.0.10                   pypi_0    pypi
narwhals                  1.12.1                   pypi_0    pypi
ncurses                   6.4                  h6a678d5_0  
networkx                  3.4.2                    pypi_0    pypi
nltk                      3.9.1                    pypi_0    pypi
nodeenv                   1.9.1                    pypi_0    pypi
numpy                     2.0.2                    pypi_0    pypi
nvidia-cublas-cu11        11.10.3.66               pypi_0    pypi
nvidia-cuda-cupti-cu11    11.7.101                 pypi_0    pypi
nvidia-cuda-nvrtc-cu11    11.7.99                  pypi_0    pypi
nvidia-cuda-runtime-cu11  11.7.99                  pypi_0    pypi
nvidia-cudnn-cu11         8.5.0.96                 pypi_0    pypi
nvidia-cufft-cu11         10.9.0.58                pypi_0    pypi
nvidia-curand-cu11        10.2.10.91               pypi_0    pypi
nvidia-cusolver-cu11      11.4.0.1                 pypi_0    pypi
nvidia-cusparse-cu11      11.7.4.91                pypi_0    pypi
nvidia-nccl-cu11          2.14.3                   pypi_0    pypi
nvidia-nvtx-cu11          11.7.91                  pypi_0    pypi
omegaconf                 2.3.0                    pypi_0    pypi
opencv-python             4.10.0.84                pypi_0    pypi
opendatasets              0.1.22                   pypi_0    pypi
openssl                   3.0.15               h5eee18b_0  
orjson                    3.10.11                  pypi_0    pypi
packaging                 24.1                     pypi_0    pypi
pandas                    2.2.3                    pypi_0    pypi
parso                     0.8.4                    pypi_0    pypi
peft                      0.4.0                    pypi_0    pypi
pexpect                   4.9.0                    pypi_0    pypi
pillow                    10.4.0                   pypi_0    pypi
pip                       24.2            py310h06a4308_0  
platformdirs              4.3.6                    pypi_0    pypi
plotly                    5.24.1                   pypi_0    pypi
portalocker               2.10.1                   pypi_0    pypi
pre-commit                4.0.1                    pypi_0    pypi
preshed                   3.0.9                    pypi_0    pypi
proglog                   0.1.10                   pypi_0    pypi
prompt-toolkit            3.0.48                   pypi_0    pypi
propcache                 0.2.0                    pypi_0    pypi
protobuf                  5.28.3                   pypi_0    pypi
psutil                    6.1.0                    pypi_0    pypi
ptyprocess                0.7.0                    pypi_0    pypi
pure-eval                 0.2.3                    pypi_0    pypi
pyarrow                   18.0.0                   pypi_0    pypi
pycocoevalcap             1.2                      pypi_0    pypi
pycocotools               2.0.8                    pypi_0    pypi
pycparser                 2.22                     pypi_0    pypi
pydantic                  2.9.2                    pypi_0    pypi
pydantic-core             2.23.4                   pypi_0    pypi
pydeck                    0.9.1                    pypi_0    pypi
pydub                     0.25.1                   pypi_0    pypi
pygments                  2.18.0                   pypi_0    pypi
pyparsing                 3.2.0                    pypi_0    pypi
python                    3.10.15              he870216_1  
python-dateutil           2.9.0.post0              pypi_0    pypi
python-magic              0.4.27                   pypi_0    pypi
python-multipart          0.0.17                   pypi_0    pypi
python-slugify            8.0.4                    pypi_0    pypi
pytz                      2024.2                   pypi_0    pypi
pyyaml                    6.0.2                    pypi_0    pypi
readline                  8.2                  h5eee18b_0  
referencing               0.35.1                   pypi_0    pypi
regex                     2024.9.11                pypi_0    pypi
requests                  2.32.3                   pypi_0    pypi
rich                      13.9.4                   pypi_0    pypi
rpds-py                   0.20.1                   pypi_0    pypi
safetensors               0.4.5                    pypi_0    pypi
scikit-image              0.24.0                   pypi_0    pypi
scikit-learn              1.2.2                    pypi_0    pypi
scipy                     1.14.1                   pypi_0    pypi
semantic-version          2.10.0                   pypi_0    pypi
sentencepiece             0.2.0                    pypi_0    pypi
setuptools                75.1.0          py310h06a4308_0  
shellingham               1.5.4                    pypi_0    pypi
shortuuid                 1.0.13                   pypi_0    pypi
six                       1.16.0                   pypi_0    pypi
smart-open                7.0.5                    pypi_0    pypi
smmap                     5.0.1                    pypi_0    pypi
sniffio                   1.3.1                    pypi_0    pypi
soundfile                 0.12.1                   pypi_0    pypi
spacy                     3.8.2                    pypi_0    pypi
spacy-legacy              3.0.12                   pypi_0    pypi
spacy-loggers             1.0.5                    pypi_0    pypi
sqlite                    3.45.3               h5eee18b_0  
srsly                     2.4.8                    pypi_0    pypi
stack-data                0.6.3                    pypi_0    pypi
starlette                 0.41.2                   pypi_0    pypi
streamlit                 1.39.0                   pypi_0    pypi
sympy                     1.13.3                   pypi_0    pypi
tenacity                  9.0.0                    pypi_0    pypi
text-unidecode            1.3                      pypi_0    pypi
thinc                     8.3.2                    pypi_0    pypi
threadpoolctl             3.5.0                    pypi_0    pypi
tifffile                  2024.9.20                pypi_0    pypi
tiktoken                  0.8.0                    pypi_0    pypi
timm                      1.0.11                   pypi_0    pypi
tk                        8.6.14               h39e8969_0  
tokenizers                0.13.3                   pypi_0    pypi
toml                      0.10.2                   pypi_0    pypi
torch                     2.0.1                    pypi_0    pypi
torchaudio                2.0.2                    pypi_0    pypi
torchvision               0.15.2                   pypi_0    pypi
tornado                   6.4.1                    pypi_0    pypi
tqdm                      4.66.6                   pypi_0    pypi
traitlets                 5.14.3                   pypi_0    pypi
transformers              4.31.0                   pypi_0    pypi
triton                    2.0.0                    pypi_0    pypi
typer                     0.12.5                   pypi_0    pypi
typing-extensions         4.12.2                   pypi_0    pypi
tzdata                    2024.2                   pypi_0    pypi
uc-micro-py               1.0.3                    pypi_0    pypi
urllib3                   2.2.3                    pypi_0    pypi
uvicorn                   0.32.0                   pypi_0    pypi
virtualenv                20.27.1                  pypi_0    pypi
wasabi                    1.1.3                    pypi_0    pypi
watchdog                  5.0.3                    pypi_0    pypi
wcwidth                   0.2.13                   pypi_0    pypi
weasel                    0.4.1                    pypi_0    pypi
webdataset                0.2.100                  pypi_0    pypi
webencodings              0.5.1                    pypi_0    pypi
websockets                13.1                     pypi_0    pypi
wheel                     0.44.0          py310h06a4308_0  
wrapt                     1.16.0                   pypi_0    pypi
xz                        5.4.6                h5eee18b_1  
yarl                      1.17.1                   pypi_0    pypi
zipp                      3.20.2                   pypi_0    pypi
zlib                      1.2.13               h5eee18b_1  
