

########################################################################################################################
########################################################################################################################
########################################################################################################################
########################################
# Run Time: 2024/11/06 04:34:41
# Command: ls; hello; ps -ef | grep bscho333
########################################
bash: line 1: hello: command not found


########################################################################################################################
########################################################################################################################
########################################################################################################################
########################################
# Run Time: 2024/11/06 04:41:37
# Command: ls; hello; ps -ef | grep bscho333
########################################
nohup: failed to run command 'ls; hello; ps -ef | grep bscho333': No such file or directory


########################################################################################################################
########################################################################################################################
########################################################################################################################
########################################
# Run Time: 2024/11/06 04:43:21
# Command: echo helloworld; hello; ps -ef | grep bscho333
########################################


########################################################################################################################
########################################################################################################################
########################################################################################################################
########################################
# Run Time: 2024/11/06 04:44:07
# Command: ls; hello; ps -ef | grep bscho333; echo helloworld
########################################
nohup: failed to run command 'ls;': No such file or directory


########################################################################################################################
########################################################################################################################
########################################################################################################################
########################################
# Run Time: 2024/11/06 04:44:52
# Command: ls; hello; ps -ef | grep bscho333; echo helloworld
########################################
bash: line 1: hello: command not found


########################################################################################################################
########################################################################################################################
########################################################################################################################
########################################
# Run Time: 2024/11/06 04:48:03
# Command: sleep 100 & ps -ef | grep bscho333
########################################
